生成启动时间为 2018/4/23 21:44:37。
     1>项目“C:\Design patter\FacadePatternDemo\FacadePatternDemo.vcxproj”在节点 2 上(build 个目标)。
     1>InitializeBuildStatus:
         正在创建“Debug\FacadePatternDemo.unsuccessfulbuild”，因为已指定“AlwaysCreate”。
       ClCompile:
         C:\Program Files (x86)\Microsoft Visual Studio 10.0\VC\bin\CL.exe /c /ZI /nologo /W3 /WX- /Od /Oy- /D WIN32 /D _DEBUG /D _CONSOLE /D _UNICODE /D UNICODE /Gm /EHsc /RTC1 /MDd /GS /fp:precise /Zc:wchar_t /Zc:forScope /Fo"Debug\\" /Fd"Debug\vc100.pdb" /Gd /TP /analyze- /errorReport:prompt FacadePatternDemo.cpp stdafx.cpp
         stdafx.cpp
         FacadePatternDemo.cpp
         正在生成代码...
       ManifestResourceCompile:
         C:\Program Files (x86)\Microsoft SDKs\Windows\v7.0A\bin\rc.exe /nologo /fo"Debug\FacadePatternDemo.exe.embed.manifest.res" Debug\FacadePatternDemo_manifest.rc 
       Link:
         C:\Program Files (x86)\Microsoft Visual Studio 10.0\VC\bin\link.exe /ERRORREPORT:PROMPT /OUT:"C:\Design patter\Debug\FacadePatternDemo.exe" /INCREMENTAL /NOLOGO kernel32.lib user32.lib gdi32.lib winspool.lib comdlg32.lib advapi32.lib shell32.lib ole32.lib oleaut32.lib uuid.lib odbc32.lib odbccp32.lib /MANIFEST /ManifestFile:"Debug\FacadePatternDemo.exe.intermediate.manifest" /MANIFESTUAC:"level='asInvoker' uiAccess='false'" /DEBUG /PDB:"C:\Design patter\Debug\FacadePatternDemo.pdb" /SUBSYSTEM:CONSOLE /TLBID:1 /DYNAMICBASE /NXCOMPAT /IMPLIB:"C:\Design patter\Debug\FacadePatternDemo.lib" /MACHINE:X86 Debug\FacadePatternDemo.exe.embed.manifest.res
         Debug\FacadePatternDemo.obj
         Debug\stdafx.obj
       Manifest:
         C:\Program Files (x86)\Microsoft SDKs\Windows\v7.0A\bin\mt.exe /nologo /verbose /out:"Debug\FacadePatternDemo.exe.embed.manifest" /manifest Debug\FacadePatternDemo.exe.intermediate.manifest
         C:\Program Files (x86)\Microsoft SDKs\Windows\v7.0A\bin\rc.exe /nologo /fo"Debug\FacadePatternDemo.exe.embed.manifest.res" Debug\FacadePatternDemo_manifest.rc 
       LinkEmbedManifest:
         C:\Program Files (x86)\Microsoft Visual Studio 10.0\VC\bin\link.exe /ERRORREPORT:PROMPT /OUT:"C:\Design patter\Debug\FacadePatternDemo.exe" /INCREMENTAL /NOLOGO kernel32.lib user32.lib gdi32.lib winspool.lib comdlg32.lib advapi32.lib shell32.lib ole32.lib oleaut32.lib uuid.lib odbc32.lib odbccp32.lib /MANIFEST /ManifestFile:"Debug\FacadePatternDemo.exe.intermediate.manifest" /MANIFESTUAC:"level='asInvoker' uiAccess='false'" /DEBUG /PDB:"C:\Design patter\Debug\FacadePatternDemo.pdb" /SUBSYSTEM:CONSOLE /TLBID:1 /DYNAMICBASE /NXCOMPAT /IMPLIB:"C:\Design patter\Debug\FacadePatternDemo.lib" /MACHINE:X86 Debug\FacadePatternDemo.exe.embed.manifest.res
         Debug\FacadePatternDemo.obj
         Debug\stdafx.obj
         FacadePatternDemo.vcxproj -> C:\Design patter\Debug\FacadePatternDemo.exe
       FinalizeBuildStatus:
         正在删除文件“Debug\FacadePatternDemo.unsuccessfulbuild”。
         正在对“Debug\FacadePatternDemo.lastbuildstate”执行 Touch 任务。
     1>已完成生成项目“C:\Design patter\FacadePatternDemo\FacadePatternDemo.vcxproj”(build 个目标)的操作。

生成成功。

已用时间 00:00:14.60
