生成启动时间为 2018/7/10 22:57:12。
     1>项目“C:\Design patter\FactoryPatternDemo\FactoryPatternDemo.vcxproj”在节点 2 上(build 个目标)。
     1>InitializeBuildStatus:
         正在对“Debug\FactoryPatternDemo.unsuccessfulbuild”执行 Touch 任务。
       ClCompile:
         所有输出均为最新。
         C:\Program Files (x86)\Microsoft Visual Studio 10.0\VC\bin\CL.exe /c /ZI /nologo /W3 /WX- /Od /Oy- /D WIN32 /D _DEBUG /D _CONSOLE /D _UNICODE /D UNICODE /Gm /EHsc /RTC1 /MDd /GS /fp:precise /Zc:wchar_t /Zc:forScope /Yu"StdAfx.h" /Fp"Debug\FactoryPatternDemo.pch" /Fo"Debug\\" /Fd"Debug\vc100.pdb" /Gd /TP /analyze- /errorReport:prompt FactoryPatternDemo.cpp
         FactoryPatternDemo.cpp
       ManifestResourceCompile:
         所有输出均为最新。
       Link:
         C:\Program Files (x86)\Microsoft Visual Studio 10.0\VC\bin\link.exe /ERRORREPORT:PROMPT /OUT:"C:\Design patter\Debug\FactoryPatternDemo.exe" /INCREMENTAL /NOLOGO kernel32.lib user32.lib gdi32.lib winspool.lib comdlg32.lib advapi32.lib shell32.lib ole32.lib oleaut32.lib uuid.lib odbc32.lib odbccp32.lib /MANIFEST /ManifestFile:"Debug\FactoryPatternDemo.exe.intermediate.manifest" /MANIFESTUAC:"level='asInvoker' uiAccess='false'" /DEBUG /PDB:"C:\Design patter\Debug\FactoryPatternDemo.pdb" /SUBSYSTEM:CONSOLE /TLBID:1 /DYNAMICBASE /NXCOMPAT /IMPLIB:"C:\Design patter\Debug\FactoryPatternDemo.lib" /MACHINE:X86 Debug\FactoryPatternDemo.exe.embed.manifest.res
         Debug\FactoryPatternDemo.obj
         Debug\stdafx.obj
       Manifest:
         C:\Program Files (x86)\Microsoft SDKs\Windows\v7.0A\bin\mt.exe /nologo /verbose /out:"Debug\FactoryPatternDemo.exe.embed.manifest" /manifest Debug\FactoryPatternDemo.exe.intermediate.manifest
         所有输出均为最新。
       LinkEmbedManifest:
         所有输出均为最新。
         FactoryPatternDemo.vcxproj -> C:\Design patter\Debug\FactoryPatternDemo.exe
       FinalizeBuildStatus:
         正在删除文件“Debug\FactoryPatternDemo.unsuccessfulbuild”。
         正在对“Debug\FactoryPatternDemo.lastbuildstate”执行 Touch 任务。
     1>已完成生成项目“C:\Design patter\FactoryPatternDemo\FactoryPatternDemo.vcxproj”(build 个目标)的操作。

生成成功。

已用时间 00:00:01.23
