C:\DESIGN PATTER\DEBUG\SINGLETONPATTERNDEMO.EXE
C:\DESIGN PATTER\DEBUG\SINGLETONPATTERNDEMO.ILK
C:\DESIGN PATTER\DEBUG\SINGLETONPATTERNDEMO.PDB
C:\Design patter\SingletonPatternDemo\Debug\cl.command.1.tlog
C:\Design patter\SingletonPatternDemo\Debug\CL.read.1.tlog
C:\Design patter\SingletonPatternDemo\Debug\CL.write.1.tlog
C:\Design patter\SingletonPatternDemo\Debug\link.10776.read.1.tlog
C:\Design patter\SingletonPatternDemo\Debug\link.10776.write.1.tlog
C:\Design patter\SingletonPatternDemo\Debug\link.10776-cvtres.read.1.tlog
C:\Design patter\SingletonPatternDemo\Debug\link.10776-cvtres.write.1.tlog
C:\Design patter\SingletonPatternDemo\Debug\link.command.1.tlog
C:\Design patter\SingletonPatternDemo\Debug\link.read.1.tlog
C:\Design patter\SingletonPatternDemo\Debug\link.write.1.tlog
C:\Design patter\SingletonPatternDemo\Debug\link-cvtres.read.1.tlog
C:\Design patter\SingletonPatternDemo\Debug\link-cvtres.write.1.tlog
C:\Design patter\SingletonPatternDemo\Debug\mt.command.1.tlog
C:\Design patter\SingletonPatternDemo\Debug\mt.read.1.tlog
C:\Design patter\SingletonPatternDemo\Debug\mt.write.1.tlog
C:\Design patter\SingletonPatternDemo\Debug\rc.command.1.tlog
C:\Design patter\SingletonPatternDemo\Debug\rc.read.1.tlog
C:\Design patter\SingletonPatternDemo\Debug\rc.write.1.tlog
C:\DESIGN PATTER\SINGLETONPATTERNDEMO\DEBUG\SINGLETONPATTERNDEMO.EXE.EMBED.MANIFEST
C:\DESIGN PATTER\SINGLETONPATTERNDEMO\DEBUG\SINGLETONPATTERNDEMO.EXE.EMBED.MANIFEST.RES
C:\DESIGN PATTER\SINGLETONPATTERNDEMO\DEBUG\SINGLETONPATTERNDEMO.EXE.INTERMEDIATE.MANIFEST
C:\DESIGN PATTER\SINGLETONPATTERNDEMO\DEBUG\SINGLETONPATTERNDEMO.OBJ
C:\Design patter\SingletonPatternDemo\Debug\SingletonPatternDemo.vcxprojResolveAssemblyReference.cache
C:\Design patter\SingletonPatternDemo\Debug\SingletonPatternDemo.write.1.tlog
C:\Design patter\SingletonPatternDemo\Debug\SingletonPatternDemo_manifest.rc
C:\DESIGN PATTER\SINGLETONPATTERNDEMO\DEBUG\STDAFX.OBJ
C:\Design patter\SingletonPatternDemo\Debug\vc100.idb
C:\DESIGN PATTER\SINGLETONPATTERNDEMO\DEBUG\VC100.PDB
