生成启动时间为 2018/4/3 21:58:23。
     1>项目“C:\Design patter\CompositePatter\CompositePatter.vcxproj”在节点 2 上(build 个目标)。
     1>InitializeBuildStatus:
         正在创建“Debug\CompositePatter.unsuccessfulbuild”，因为已指定“AlwaysCreate”。
       ClCompile:
         所有输出均为最新。
         C:\Program Files (x86)\Microsoft Visual Studio 10.0\VC\bin\CL.exe /c /ZI /nologo /W3 /WX- /Od /Oy- /D WIN32 /D _DEBUG /D _CONSOLE /D _UNICODE /D UNICODE /Gm /EHsc /RTC1 /MDd /GS /fp:precise /Zc:wchar_t /Zc:forScope /Yu"StdAfx.h" /Fp"Debug\CompositePatter.pch" /Fo"Debug\\" /Fd"Debug\vc100.pdb" /Gd /TP /analyze- /errorReport:prompt CompositePatter.cpp
         CompositePatter.cpp
       ManifestResourceCompile:
         所有输出均为最新。
       Link:
         C:\Program Files (x86)\Microsoft Visual Studio 10.0\VC\bin\link.exe /ERRORREPORT:PROMPT /OUT:"C:\Design patter\Debug\CompositePatter.exe" /INCREMENTAL /NOLOGO kernel32.lib user32.lib gdi32.lib winspool.lib comdlg32.lib advapi32.lib shell32.lib ole32.lib oleaut32.lib uuid.lib odbc32.lib odbccp32.lib /MANIFEST /ManifestFile:"Debug\CompositePatter.exe.intermediate.manifest" /MANIFESTUAC:"level='asInvoker' uiAccess='false'" /DEBUG /PDB:"C:\Design patter\Debug\CompositePatter.pdb" /SUBSYSTEM:CONSOLE /TLBID:1 /DYNAMICBASE /NXCOMPAT /IMPLIB:"C:\Design patter\Debug\CompositePatter.lib" /MACHINE:X86 Debug\CompositePatter.exe.embed.manifest.res
         Debug\CompositePatter.obj
         Debug\stdafx.obj
       Manifest:
         C:\Program Files (x86)\Microsoft SDKs\Windows\v7.0A\bin\mt.exe /nologo /verbose /out:"Debug\CompositePatter.exe.embed.manifest" /manifest Debug\CompositePatter.exe.intermediate.manifest
         所有输出均为最新。
       LinkEmbedManifest:
         所有输出均为最新。
         CompositePatter.vcxproj -> C:\Design patter\Debug\CompositePatter.exe
       FinalizeBuildStatus:
         正在删除文件“Debug\CompositePatter.unsuccessfulbuild”。
         正在对“Debug\CompositePatter.lastbuildstate”执行 Touch 任务。
     1>已完成生成项目“C:\Design patter\CompositePatter\CompositePatter.vcxproj”(build 个目标)的操作。

生成成功。

已用时间 00:00:05.50
