C:\Design patter\CompositePatter\Debug\cl.command.1.tlog
C:\Design patter\CompositePatter\Debug\CL.read.1.tlog
C:\Design patter\CompositePatter\Debug\CL.write.1.tlog
C:\DESIGN PATTER\COMPOSITEPATTER\DEBUG\COMPOSITEPATTER.EXE.EMBED.MANIFEST
C:\DESIGN PATTER\COMPOSITEPATTER\DEBUG\COMPOSITEPATTER.EXE.EMBED.MANIFEST.RES
C:\DESIGN PATTER\COMPOSITEPATTER\DEBUG\COMPOSITEPATTER.EXE.INTERMEDIATE.MANIFEST
C:\DESIGN PATTER\COMPOSITEPATTER\DEBUG\COMPOSITEPATTER.OBJ
C:\DESIGN PATTER\COMPOSITEPATTER\DEBUG\COMPOSITEPATTER.PCH
C:\Design patter\CompositePatter\Debug\CompositePatter.write.1.tlog
C:\Design patter\CompositePatter\Debug\CompositePatter_manifest.rc
C:\Design patter\CompositePatter\Debug\link.4636.read.1.tlog
C:\Design patter\CompositePatter\Debug\link.4636.write.1.tlog
C:\Design patter\CompositePatter\Debug\link.4636-cvtres.read.1.tlog
C:\Design patter\CompositePatter\Debug\link.4636-cvtres.write.1.tlog
C:\Design patter\CompositePatter\Debug\link.command.1.tlog
C:\Design patter\CompositePatter\Debug\link.read.1.tlog
C:\Design patter\CompositePatter\Debug\link.write.1.tlog
C:\Design patter\CompositePatter\Debug\link-cvtres.read.1.tlog
C:\Design patter\CompositePatter\Debug\link-cvtres.write.1.tlog
C:\Design patter\CompositePatter\Debug\mt.command.1.tlog
C:\Design patter\CompositePatter\Debug\mt.read.1.tlog
C:\Design patter\CompositePatter\Debug\mt.write.1.tlog
C:\Design patter\CompositePatter\Debug\rc.command.1.tlog
C:\Design patter\CompositePatter\Debug\rc.read.1.tlog
C:\Design patter\CompositePatter\Debug\rc.write.1.tlog
C:\DESIGN PATTER\COMPOSITEPATTER\DEBUG\STDAFX.OBJ
C:\Design patter\CompositePatter\Debug\vc100.idb
C:\DESIGN PATTER\COMPOSITEPATTER\DEBUG\VC100.PDB
C:\DESIGN PATTER\DEBUG\COMPOSITEPATTER.EXE
C:\DESIGN PATTER\DEBUG\COMPOSITEPATTER.ILK
C:\DESIGN PATTER\DEBUG\COMPOSITEPATTER.PDB
